2023-06-17 21:59:56.366  INFO 5916 --- [main] org.reflections.Reflections              : Reflections took 27 ms to scan 1 urls, producing 3 keys and 6 values 
2023-06-17 21:59:56.398  INFO 5916 --- [main] org.reflections.Reflections              : Reflections took 17 ms to scan 1 urls, producing 4 keys and 9 values 
2023-06-17 21:59:56.407  INFO 5916 --- [main] org.reflections.Reflections              : Reflections took 7 ms to scan 1 urls, producing 3 keys and 10 values 
2023-06-17 21:59:56.409  WARN 5916 --- [main] org.reflections.Reflections              : given scan urls are empty. set urls in the configuration
2023-06-17 21:59:56.414  INFO 5916 --- [main] org.reflections.Reflections              : Reflections took 5 ms to scan 1 urls, producing 1 keys and 5 values 
2023-06-17 21:59:56.421  INFO 5916 --- [main] org.reflections.Reflections              : Reflections took 5 ms to scan 1 urls, producing 1 keys and 7 values 
2023-06-17 21:59:56.427  INFO 5916 --- [main] org.reflections.Reflections              : Reflections took 4 ms to scan 1 urls, producing 2 keys and 8 values 
2023-06-17 21:59:56.429  WARN 5916 --- [main] org.reflections.Reflections              : given scan urls are empty. set urls in the configuration
2023-06-17 21:59:57.341  WARN 5916 --- [main] c.a.c.n.c.NacosPropertySourceBuilder     : Ignore the empty nacos configuration and get it based on dataId[user-server] & group[DEFAULT_GROUP]
2023-06-17 21:59:57.346  WARN 5916 --- [main] c.a.c.n.c.NacosPropertySourceBuilder     : Ignore the empty nacos configuration and get it based on dataId[user-server.properties] & group[DEFAULT_GROUP]
2023-06-17 21:59:57.347  INFO 5916 --- [main] b.c.PropertySourceBootstrapConfiguration : Located property source: [BootstrapPropertySource {name='bootstrapProperties-user-server.properties,DEFAULT_GROUP'}, BootstrapPropertySource {name='bootstrapProperties-user-server,DEFAULT_GROUP'}]
2023-06-17 21:59:57.396  INFO 5916 --- [main] o.e.userserver.mapper.UserMapperTest     : No active profile set, falling back to default profiles: default
2023-06-17 21:59:58.157  INFO 5916 --- [main] o.s.cloud.context.scope.GenericScope     : BeanFactory id=99397fa7-6a95-3681-9ccf-c99b302cb13f
2023-06-17 21:59:58.376  INFO 5916 --- [main] trationDelegate$BeanPostProcessorChecker : Bean 'spring.cloud.sentinel-com.alibaba.cloud.sentinel.SentinelProperties' of type [com.alibaba.cloud.sentinel.SentinelProperties] is not eligible for getting processed by all BeanPostProcessors (for example: not eligible for auto-proxying)
2023-06-17 21:59:58.378  INFO 5916 --- [main] trationDelegate$BeanPostProcessorChecker : Bean 'com.alibaba.cloud.sentinel.custom.SentinelAutoConfiguration' of type [com.alibaba.cloud.sentinel.custom.SentinelAutoConfiguration] is not eligible for getting processed by all BeanPostProcessors (for example: not eligible for auto-proxying)
2023-06-17 21:59:58.805  INFO 5916 --- [main] o.s.c.openfeign.FeignClientFactoryBean   : For 'ship-server' URL not provided. Will try picking an instance via load-balancing.
2023-06-17 21:59:58.869  INFO 5916 --- [main] o.s.c.openfeign.FeignClientFactoryBean   : For 'order-server' URL not provided. Will try picking an instance via load-balancing.
2023-06-17 21:59:59.214  INFO 5916 --- [main] c.a.c.s.SentinelWebAutoConfiguration     : [Sentinel Starter] register SentinelWebInterceptor with urlPatterns: [/**].
2023-06-17 21:59:59.409  WARN 5916 --- [main] c.n.c.sources.URLConfigurationSource     : No URLs will be polled as dynamic configuration sources.
2023-06-17 21:59:59.410  INFO 5916 --- [main] c.n.c.sources.URLConfigurationSource     : To enable URLs as dynamic configuration sources, define System property archaius.configurationSource.additionalUrls or make config.properties available on classpath.
2023-06-17 21:59:59.415  WARN 5916 --- [main] c.n.c.sources.URLConfigurationSource     : No URLs will be polled as dynamic configuration sources.
2023-06-17 21:59:59.415  INFO 5916 --- [main] c.n.c.sources.URLConfigurationSource     : To enable URLs as dynamic configuration sources, define System property archaius.configurationSource.additionalUrls or make config.properties available on classpath.
2023-06-17 21:59:59.556  INFO 5916 --- [main] o.s.s.concurrent.ThreadPoolTaskExecutor  : Initializing ExecutorService 'applicationTaskExecutor'
2023-06-17 22:00:00.018  INFO 5916 --- [main] o.s.s.c.ThreadPoolTaskScheduler          : Initializing ExecutorService 'Nacos-Watch-Task-Scheduler'
2023-06-17 22:00:00.534  INFO 5916 --- [main] com.alibaba.nacos.client.naming          : initializer namespace from System Property : null
2023-06-17 22:00:00.534  INFO 5916 --- [main] com.alibaba.nacos.client.naming          : initializer namespace from System Environment :null
2023-06-17 22:00:00.535  INFO 5916 --- [main] com.alibaba.nacos.client.naming          : initializer namespace from System Property :null
2023-06-17 22:00:00.550  INFO 5916 --- [main] com.alibaba.nacos.common.remote.client   : [RpcClientFactory] create a new rpc client of b95cfe5e-ece5-45fe-b177-ab6ab453b6ec
2023-06-17 22:00:00.551  INFO 5916 --- [main] com.alibaba.nacos.common.remote.client   : [b95cfe5e-ece5-45fe-b177-ab6ab453b6ec]RpcClient init label, labels={module=naming, source=sdk}
2023-06-17 22:00:00.553  INFO 5916 --- [main] com.alibaba.nacos.common.remote.client   : [b95cfe5e-ece5-45fe-b177-ab6ab453b6ec]RpcClient init, ServerListFactory =com.alibaba.nacos.client.naming.core.ServerListManager
2023-06-17 22:00:00.553  INFO 5916 --- [main] com.alibaba.nacos.common.remote.client   : [b95cfe5e-ece5-45fe-b177-ab6ab453b6ec]Registry connection listener to current client:com.alibaba.nacos.client.naming.remote.gprc.redo.NamingGrpcRedoService
2023-06-17 22:00:00.553  INFO 5916 --- [main] com.alibaba.nacos.common.remote.client   : [b95cfe5e-ece5-45fe-b177-ab6ab453b6ec]Register server push request handler:com.alibaba.nacos.client.naming.remote.gprc.NamingPushRequestHandler
2023-06-17 22:00:00.554  INFO 5916 --- [main] com.alibaba.nacos.common.remote.client   : [b95cfe5e-ece5-45fe-b177-ab6ab453b6ec] Try to connect to server on start up, server: {serverIp='127.0.0.1', server main port=8848}
2023-06-17 22:00:00.685  INFO 5916 --- [main] com.alibaba.nacos.common.remote.client   : [b95cfe5e-ece5-45fe-b177-ab6ab453b6ec] Success to connect to server [127.0.0.1:8848] on start up,connectionId=1687010400565_127.0.0.1_55464
2023-06-17 22:00:00.685  INFO 5916 --- [main] com.alibaba.nacos.common.remote.client   : [b95cfe5e-ece5-45fe-b177-ab6ab453b6ec]Register server push request handler:com.alibaba.nacos.common.remote.client.RpcClient$ConnectResetRequestHandler
2023-06-17 22:00:00.685  INFO 5916 --- [main] com.alibaba.nacos.common.remote.client   : [b95cfe5e-ece5-45fe-b177-ab6ab453b6ec]Register server push request handler:com.alibaba.nacos.common.remote.client.RpcClient$4
2023-06-17 22:00:00.685  INFO 5916 --- [com.alibaba.nacos.client.remote.worker] com.alibaba.nacos.common.remote.client   : [b95cfe5e-ece5-45fe-b177-ab6ab453b6ec]Notify connected event to listeners.
2023-06-17 22:00:00.685  INFO 5916 --- [com.alibaba.nacos.client.remote.worker] com.alibaba.nacos.client.naming          : Grpc connection connect
2023-06-17 22:00:00.702  INFO 5916 --- [main] com.alibaba.nacos.client.naming          : init new ips(1) service: DEFAULT_GROUP@@user-server@@DEFAULT -> [{"ip":"172.30.71.106","port":8081,"weight":1.0,"healthy":true,"enabled":true,"ephemeral":true,"clusterName":"DEFAULT","serviceName":"DEFAULT_GROUP@@user-server","metadata":{"preserved.register.source":"SPRING_CLOUD"},"ipDeleteTimeout":30000,"instanceHeartBeatInterval":5000,"instanceHeartBeatTimeOut":15000}]
2023-06-17 22:00:00.709  INFO 5916 --- [main] com.alibaba.nacos.client.naming          : current ips:(1) service: DEFAULT_GROUP@@user-server@@DEFAULT -> [{"ip":"172.30.71.106","port":8081,"weight":1.0,"healthy":true,"enabled":true,"ephemeral":true,"clusterName":"DEFAULT","serviceName":"DEFAULT_GROUP@@user-server","metadata":{"preserved.register.source":"SPRING_CLOUD"},"ipDeleteTimeout":30000,"instanceHeartBeatInterval":5000,"instanceHeartBeatTimeOut":15000}]
2023-06-17 22:00:00.949  INFO 5916 --- [main] o.e.userserver.mapper.UserMapperTest     : Started UserMapperTest in 5.75 seconds (JVM running for 7.104)
2023-06-17 22:00:00.954  INFO 5916 --- [main] c.a.n.client.config.impl.ClientWorker    : [config_rpc_client] [subscribe] user-server+DEFAULT_GROUP
2023-06-17 22:00:00.954  INFO 5916 --- [main] c.a.nacos.client.config.impl.CacheData   : [config_rpc_client] [add-listener] ok, tenant=, dataId=user-server, group=DEFAULT_GROUP, cnt=1
2023-06-17 22:00:00.955  INFO 5916 --- [main] c.a.n.client.config.impl.ClientWorker    : [config_rpc_client] [subscribe] user-server.properties+DEFAULT_GROUP
2023-06-17 22:00:00.955  INFO 5916 --- [main] c.a.nacos.client.config.impl.CacheData   : [config_rpc_client] [add-listener] ok, tenant=, dataId=user-server.properties, group=DEFAULT_GROUP, cnt=1
2023-06-17 22:00:01.225  INFO 5916 --- [nacos-grpc-client-executor-6] com.alibaba.nacos.common.remote.client   : [b95cfe5e-ece5-45fe-b177-ab6ab453b6ec]receive server push request,request=NotifySubscriberRequest,requestId=7
2023-06-17 22:00:01.225  INFO 5916 --- [nacos-grpc-client-executor-6] com.alibaba.nacos.client.naming          : init new ips(1) service: DEFAULT_GROUP@@user-server -> [{"ip":"172.30.71.106","port":8081,"weight":1.0,"healthy":true,"enabled":true,"ephemeral":true,"clusterName":"DEFAULT","serviceName":"DEFAULT_GROUP@@user-server","metadata":{"preserved.register.source":"SPRING_CLOUD"},"ipDeleteTimeout":30000,"instanceHeartBeatInterval":5000,"instanceHeartBeatTimeOut":15000}]
2023-06-17 22:00:01.225  INFO 5916 --- [nacos-grpc-client-executor-6] com.alibaba.nacos.client.naming          : current ips:(1) service: DEFAULT_GROUP@@user-server -> [{"ip":"172.30.71.106","port":8081,"weight":1.0,"healthy":true,"enabled":true,"ephemeral":true,"clusterName":"DEFAULT","serviceName":"DEFAULT_GROUP@@user-server","metadata":{"preserved.register.source":"SPRING_CLOUD"},"ipDeleteTimeout":30000,"instanceHeartBeatInterval":5000,"instanceHeartBeatTimeOut":15000}]
2023-06-17 22:00:01.227  INFO 5916 --- [nacos-grpc-client-executor-6] com.alibaba.nacos.common.remote.client   : [b95cfe5e-ece5-45fe-b177-ab6ab453b6ec]ack server push request,request=NotifySubscriberRequest,requestId=7
2023-06-17 22:00:01.227  INFO 5916 --- [main] com.zaxxer.hikari.HikariDataSource       : HikariPool-1 - Starting...
2023-06-17 22:00:01.343  INFO 5916 --- [main] com.zaxxer.hikari.HikariDataSource       : HikariPool-1 - Start completed.
2023-06-17 22:00:01.390  WARN 5916 --- [Thread-5] c.a.nacos.common.notify.NotifyCenter     : [NotifyCenter] Start destroying Publisher
2023-06-17 22:00:01.390  WARN 5916 --- [Thread-1] c.a.n.common.http.HttpClientBeanHolder   : [HttpClientBeanHolder] Start destroying common HttpClient
2023-06-17 22:00:01.391  WARN 5916 --- [Thread-5] c.a.nacos.common.notify.NotifyCenter     : [NotifyCenter] Destruction of the end
2023-06-17 22:00:01.391  WARN 5916 --- [Thread-1] c.a.n.common.http.HttpClientBeanHolder   : [HttpClientBeanHolder] Destruction of the end
2023-06-17 22:00:01.392  INFO 5916 --- [SpringContextShutdownHook] o.s.s.c.ThreadPoolTaskScheduler          : Shutting down ExecutorService 'Nacos-Watch-Task-Scheduler'
2023-06-17 22:00:01.399  INFO 5916 --- [SpringContextShutdownHook] com.alibaba.nacos.client.naming          : com.alibaba.nacos.client.naming.cache.ServiceInfoHolder do shutdown begin
2023-06-17 22:00:01.399  INFO 5916 --- [SpringContextShutdownHook] com.alibaba.nacos.client.naming          : com.alibaba.nacos.client.naming.backups.FailoverReactor do shutdown begin
2023-06-17 22:00:01.700  INFO 5916 --- [com.alibaba.nacos.client.naming.updater.0] com.alibaba.nacos.client.naming          : update task is stopped, service:DEFAULT_GROUP@@user-server, clusters:DEFAULT
2023-06-17 22:00:01.731  INFO 5916 --- [SpringContextShutdownHook] com.alibaba.nacos.client.naming          : com.alibaba.nacos.client.naming.backups.FailoverReactor do shutdown stop
2023-06-17 22:00:01.731  INFO 5916 --- [SpringContextShutdownHook] com.alibaba.nacos.client.naming          : com.alibaba.nacos.client.naming.cache.ServiceInfoHolder do shutdown stop
2023-06-17 22:00:01.731  INFO 5916 --- [SpringContextShutdownHook] com.alibaba.nacos.client.naming          : com.alibaba.nacos.client.naming.remote.NamingClientProxyDelegate do shutdown begin
2023-06-17 22:00:01.731  INFO 5916 --- [SpringContextShutdownHook] com.alibaba.nacos.client.naming          : com.alibaba.nacos.client.naming.core.ServiceInfoUpdateService do shutdown begin
2023-06-17 22:00:02.055  INFO 5916 --- [SpringContextShutdownHook] com.alibaba.nacos.client.naming          : com.alibaba.nacos.client.naming.core.ServiceInfoUpdateService do shutdown stop
2023-06-17 22:00:02.055  INFO 5916 --- [SpringContextShutdownHook] com.alibaba.nacos.client.naming          : com.alibaba.nacos.client.naming.core.ServerListManager do shutdown begin
2023-06-17 22:00:02.055  WARN 5916 --- [SpringContextShutdownHook] com.alibaba.nacos.client.naming          : [NamingHttpClientManager] Start destroying NacosRestTemplate
2023-06-17 22:00:02.055  WARN 5916 --- [SpringContextShutdownHook] com.alibaba.nacos.client.naming          : [NamingHttpClientManager] Destruction of the end
2023-06-17 22:00:02.055  INFO 5916 --- [SpringContextShutdownHook] com.alibaba.nacos.client.naming          : com.alibaba.nacos.client.naming.core.ServerListManager do shutdown stop
2023-06-17 22:00:02.056  INFO 5916 --- [SpringContextShutdownHook] com.alibaba.nacos.client.naming          : com.alibaba.nacos.client.naming.remote.http.NamingHttpClientProxy do shutdown begin
2023-06-17 22:00:02.056  INFO 5916 --- [SpringContextShutdownHook] com.alibaba.nacos.client.naming          : com.alibaba.nacos.client.naming.beat.BeatReactor do shutdown begin
2023-06-17 22:00:02.056  INFO 5916 --- [SpringContextShutdownHook] com.alibaba.nacos.client.naming          : com.alibaba.nacos.client.naming.beat.BeatReactor do shutdown stop
2023-06-17 22:00:02.056  WARN 5916 --- [SpringContextShutdownHook] com.alibaba.nacos.client.naming          : [NamingHttpClientManager] Start destroying NacosRestTemplate
2023-06-17 22:00:02.056  WARN 5916 --- [SpringContextShutdownHook] com.alibaba.nacos.client.naming          : [NamingHttpClientManager] Destruction of the end
2023-06-17 22:00:02.056  INFO 5916 --- [SpringContextShutdownHook] c.a.n.client.identify.CredentialWatcher  : [null] CredentialWatcher is stopped
2023-06-17 22:00:02.056  INFO 5916 --- [SpringContextShutdownHook] c.a.n.client.identify.CredentialService  : [null] CredentialService is freed
2023-06-17 22:00:02.056  INFO 5916 --- [SpringContextShutdownHook] com.alibaba.nacos.client.naming          : com.alibaba.nacos.client.naming.remote.http.NamingHttpClientProxy do shutdown stop
2023-06-17 22:00:02.056  INFO 5916 --- [SpringContextShutdownHook] com.alibaba.nacos.common.remote.client   : Shutdown rpc client ,set status to shutdown
2023-06-17 22:00:02.056  INFO 5916 --- [SpringContextShutdownHook] com.alibaba.nacos.common.remote.client   : Shutdown  client event executor java.util.concurrent.ScheduledThreadPoolExecutor@2e3ce8ef[Running, pool size = 2, active threads = 2, queued tasks = 0, completed tasks = 0]
2023-06-17 22:00:02.057  INFO 5916 --- [SpringContextShutdownHook] com.alibaba.nacos.common.remote.client   : Close current connection 1687010400565_127.0.0.1_55464
2023-06-17 22:00:02.058  INFO 5916 --- [nacos-grpc-client-executor-9] c.a.n.c.remote.client.grpc.GrpcClient    : [1687010400565_127.0.0.1_55464]Ignore complete event,isRunning:false,isAbandon=false
2023-06-17 22:00:02.059  INFO 5916 --- [SpringContextShutdownHook] c.a.n.c.remote.client.grpc.GrpcClient    : Shutdown grpc executor java.util.concurrent.ThreadPoolExecutor@4839892b[Running, pool size = 10, active threads = 0, queued tasks = 0, completed tasks = 10]
2023-06-17 22:00:02.059  INFO 5916 --- [SpringContextShutdownHook] com.alibaba.nacos.client.naming          : Shutdown grpc redo service executor java.util.concurrent.ScheduledThreadPoolExecutor@6d15242[Running, pool size = 1, active threads = 0, queued tasks = 1, completed tasks = 0]
2023-06-17 22:00:02.060  INFO 5916 --- [SpringContextShutdownHook] com.alibaba.nacos.client.naming          : com.alibaba.nacos.client.naming.remote.NamingClientProxyDelegate do shutdown stop
2023-06-17 22:00:02.061  INFO 5916 --- [SpringContextShutdownHook] o.s.s.concurrent.ThreadPoolTaskExecutor  : Shutting down ExecutorService 'applicationTaskExecutor'
2023-06-17 22:00:02.065  INFO 5916 --- [SpringContextShutdownHook] com.zaxxer.hikari.HikariDataSource       : HikariPool-1 - Shutdown initiated...
2023-06-17 22:00:02.070  INFO 5916 --- [SpringContextShutdownHook] com.zaxxer.hikari.HikariDataSource       : HikariPool-1 - Shutdown completed.
