2023-06-17 00:00:32.434  INFO 24896 --- [main] org.reflections.Reflections              : Reflections took 47 ms to scan 1 urls, producing 3 keys and 6 values 
2023-06-17 00:00:32.466  INFO 24896 --- [main] org.reflections.Reflections              : Reflections took 16 ms to scan 1 urls, producing 4 keys and 9 values 
2023-06-17 00:00:32.483  INFO 24896 --- [main] org.reflections.Reflections              : Reflections took 15 ms to scan 1 urls, producing 3 keys and 10 values 
2023-06-17 00:00:32.485  WARN 24896 --- [main] org.reflections.Reflections              : given scan urls are empty. set urls in the configuration
2023-06-17 00:00:32.499  INFO 24896 --- [main] org.reflections.Reflections              : Reflections took 13 ms to scan 1 urls, producing 1 keys and 5 values 
2023-06-17 00:00:32.513  INFO 24896 --- [main] org.reflections.Reflections              : Reflections took 12 ms to scan 1 urls, producing 1 keys and 7 values 
2023-06-17 00:00:32.530  INFO 24896 --- [main] org.reflections.Reflections              : Reflections took 16 ms to scan 1 urls, producing 2 keys and 8 values 
2023-06-17 00:00:32.533  WARN 24896 --- [main] org.reflections.Reflections              : given scan urls are empty. set urls in the configuration
2023-06-17 00:00:33.853  WARN 24896 --- [main] c.a.c.n.c.NacosPropertySourceBuilder     : Ignore the empty nacos configuration and get it based on dataId[ship-server] & group[DEFAULT_GROUP]
2023-06-17 00:00:33.864  WARN 24896 --- [main] c.a.c.n.c.NacosPropertySourceBuilder     : Ignore the empty nacos configuration and get it based on dataId[ship-server.properties] & group[DEFAULT_GROUP]
2023-06-17 00:00:33.865  INFO 24896 --- [main] b.c.PropertySourceBootstrapConfiguration : Located property source: [BootstrapPropertySource {name='bootstrapProperties-ship-server.properties,DEFAULT_GROUP'}, BootstrapPropertySource {name='bootstrapProperties-ship-server,DEFAULT_GROUP'}]
2023-06-17 00:00:33.901  INFO 24896 --- [main] o.e.shipserver.ShipServerApplication     : No active profile set, falling back to default profiles: default
2023-06-17 00:00:34.755  INFO 24896 --- [main] o.s.cloud.context.scope.GenericScope     : BeanFactory id=3b4bbae5-5bfa-3a64-8d26-14019c4d86b4
2023-06-17 00:00:34.930  INFO 24896 --- [main] trationDelegate$BeanPostProcessorChecker : Bean 'spring.cloud.sentinel-com.alibaba.cloud.sentinel.SentinelProperties' of type [com.alibaba.cloud.sentinel.SentinelProperties] is not eligible for getting processed by all BeanPostProcessors (for example: not eligible for auto-proxying)
2023-06-17 00:00:34.932  INFO 24896 --- [main] trationDelegate$BeanPostProcessorChecker : Bean 'com.alibaba.cloud.sentinel.custom.SentinelAutoConfiguration' of type [com.alibaba.cloud.sentinel.custom.SentinelAutoConfiguration] is not eligible for getting processed by all BeanPostProcessors (for example: not eligible for auto-proxying)
2023-06-17 00:00:35.165  INFO 24896 --- [main] o.s.b.w.embedded.tomcat.TomcatWebServer  : Tomcat initialized with port(s): 8083 (http)
2023-06-17 00:00:35.172  INFO 24896 --- [main] o.apache.catalina.core.StandardService   : Starting service [Tomcat]
2023-06-17 00:00:35.173  INFO 24896 --- [main] org.apache.catalina.core.StandardEngine  : Starting Servlet engine: [Apache Tomcat/9.0.41]
2023-06-17 00:00:35.174  INFO 24896 --- [main] o.a.catalina.core.AprLifecycleListener   : Loaded Apache Tomcat Native library [1.2.33] using APR version [1.7.0].
2023-06-17 00:00:35.174  INFO 24896 --- [main] o.a.catalina.core.AprLifecycleListener   : APR capabilities: IPv6 [true], sendfile [true], accept filters [false], random [true].
2023-06-17 00:00:35.174  INFO 24896 --- [main] o.a.catalina.core.AprLifecycleListener   : APR/OpenSSL configuration: useAprConnector [false], useOpenSSL [true]
2023-06-17 00:00:35.178  INFO 24896 --- [main] o.a.catalina.core.AprLifecycleListener   : OpenSSL successfully initialized [OpenSSL 1.1.1o  3 May 2022]
2023-06-17 00:00:35.962  INFO 24896 --- [main] o.a.c.c.C.[Tomcat].[localhost].[/]       : Initializing Spring embedded WebApplicationContext
2023-06-17 00:00:35.963  INFO 24896 --- [main] w.s.c.ServletWebServerApplicationContext : Root WebApplicationContext: initialization completed in 2047 ms
2023-06-17 00:00:36.403  INFO 24896 --- [main] o.s.c.openfeign.FeignClientFactoryBean   : For 'order-server' URL not provided. Will try picking an instance via load-balancing.
2023-06-17 00:00:36.743  INFO 24896 --- [main] c.a.c.s.SentinelWebAutoConfiguration     : [Sentinel Starter] register SentinelWebInterceptor with urlPatterns: [/**].
2023-06-17 00:00:36.851  WARN 24896 --- [main] c.n.c.sources.URLConfigurationSource     : No URLs will be polled as dynamic configuration sources.
2023-06-17 00:00:36.852  INFO 24896 --- [main] c.n.c.sources.URLConfigurationSource     : To enable URLs as dynamic configuration sources, define System property archaius.configurationSource.additionalUrls or make config.properties available on classpath.
2023-06-17 00:00:36.859  WARN 24896 --- [main] c.n.c.sources.URLConfigurationSource     : No URLs will be polled as dynamic configuration sources.
2023-06-17 00:00:36.860  INFO 24896 --- [main] c.n.c.sources.URLConfigurationSource     : To enable URLs as dynamic configuration sources, define System property archaius.configurationSource.additionalUrls or make config.properties available on classpath.
2023-06-17 00:00:36.980  INFO 24896 --- [main] o.s.s.concurrent.ThreadPoolTaskExecutor  : Initializing ExecutorService 'applicationTaskExecutor'
2023-06-17 00:00:37.501  INFO 24896 --- [main] o.s.s.c.ThreadPoolTaskScheduler          : Initializing ExecutorService 'Nacos-Watch-Task-Scheduler'
2023-06-17 00:00:38.068  INFO 24896 --- [main] com.alibaba.nacos.client.naming          : initializer namespace from System Property : null
2023-06-17 00:00:38.069  INFO 24896 --- [main] com.alibaba.nacos.client.naming          : initializer namespace from System Environment :null
2023-06-17 00:00:38.069  INFO 24896 --- [main] com.alibaba.nacos.client.naming          : initializer namespace from System Property :null
2023-06-17 00:00:38.088  INFO 24896 --- [main] com.alibaba.nacos.common.remote.client   : [RpcClientFactory] create a new rpc client of 3dfaa687-9cfb-4a4e-9a9b-2ef150d929c4
2023-06-17 00:00:38.088  INFO 24896 --- [main] com.alibaba.nacos.common.remote.client   : [3dfaa687-9cfb-4a4e-9a9b-2ef150d929c4]RpcClient init label, labels={module=naming, source=sdk}
2023-06-17 00:00:38.090  INFO 24896 --- [main] com.alibaba.nacos.common.remote.client   : [3dfaa687-9cfb-4a4e-9a9b-2ef150d929c4]RpcClient init, ServerListFactory =com.alibaba.nacos.client.naming.core.ServerListManager
2023-06-17 00:00:38.091  INFO 24896 --- [main] com.alibaba.nacos.common.remote.client   : [3dfaa687-9cfb-4a4e-9a9b-2ef150d929c4]Registry connection listener to current client:com.alibaba.nacos.client.naming.remote.gprc.redo.NamingGrpcRedoService
2023-06-17 00:00:38.091  INFO 24896 --- [main] com.alibaba.nacos.common.remote.client   : [3dfaa687-9cfb-4a4e-9a9b-2ef150d929c4]Register server push request handler:com.alibaba.nacos.client.naming.remote.gprc.NamingPushRequestHandler
2023-06-17 00:00:38.092  INFO 24896 --- [main] com.alibaba.nacos.common.remote.client   : [3dfaa687-9cfb-4a4e-9a9b-2ef150d929c4] Try to connect to server on start up, server: {serverIp='127.0.0.1', server main port=8848}
2023-06-17 00:00:38.225  INFO 24896 --- [main] com.alibaba.nacos.common.remote.client   : [3dfaa687-9cfb-4a4e-9a9b-2ef150d929c4] Success to connect to server [127.0.0.1:8848] on start up,connectionId=1686931238102_127.0.0.1_57109
2023-06-17 00:00:38.225  INFO 24896 --- [main] com.alibaba.nacos.common.remote.client   : [3dfaa687-9cfb-4a4e-9a9b-2ef150d929c4]Register server push request handler:com.alibaba.nacos.common.remote.client.RpcClient$ConnectResetRequestHandler
2023-06-17 00:00:38.225  INFO 24896 --- [com.alibaba.nacos.client.remote.worker] com.alibaba.nacos.common.remote.client   : [3dfaa687-9cfb-4a4e-9a9b-2ef150d929c4]Notify connected event to listeners.
2023-06-17 00:00:38.225  INFO 24896 --- [main] com.alibaba.nacos.common.remote.client   : [3dfaa687-9cfb-4a4e-9a9b-2ef150d929c4]Register server push request handler:com.alibaba.nacos.common.remote.client.RpcClient$4
2023-06-17 00:00:38.225  INFO 24896 --- [com.alibaba.nacos.client.remote.worker] com.alibaba.nacos.client.naming          : Grpc connection connect
2023-06-17 00:00:38.247  INFO 24896 --- [main] com.alibaba.nacos.client.naming          : init new ips(0) service: DEFAULT_GROUP@@ship-server@@DEFAULT -> []
2023-06-17 00:00:38.259  INFO 24896 --- [main] com.alibaba.nacos.client.naming          : current ips:(0) service: DEFAULT_GROUP@@ship-server@@DEFAULT -> []
2023-06-17 00:00:38.285  INFO 24896 --- [main] o.s.b.w.embedded.tomcat.TomcatWebServer  : Tomcat started on port(s): 8083 (http) with context path ''
2023-06-17 00:00:38.291  INFO 24896 --- [main] com.alibaba.nacos.client.naming          : [REGISTER-SERVICE] public registering service ship-server with instance Instance{instanceId='null', ip='192.168.67.248', port=8083, weight=1.0, healthy=true, enabled=true, ephemeral=true, clusterName='DEFAULT', serviceName='null', metadata={preserved.register.source=SPRING_CLOUD}}
2023-06-17 00:00:38.302  INFO 24896 --- [main] c.a.c.n.registry.NacosServiceRegistry    : nacos registry, DEFAULT_GROUP ship-server 192.168.67.248:8083 register finished
2023-06-17 00:00:38.853  INFO 24896 --- [nacos-grpc-client-executor-9] com.alibaba.nacos.common.remote.client   : [3dfaa687-9cfb-4a4e-9a9b-2ef150d929c4]receive server push request,request=NotifySubscriberRequest,requestId=2
2023-06-17 00:00:38.855  INFO 24896 --- [nacos-grpc-client-executor-9] com.alibaba.nacos.client.naming          : init new ips(1) service: DEFAULT_GROUP@@ship-server -> [{"ip":"192.168.67.248","port":8083,"weight":1.0,"healthy":true,"enabled":true,"ephemeral":true,"clusterName":"DEFAULT","serviceName":"DEFAULT_GROUP@@ship-server","metadata":{"preserved.register.source":"SPRING_CLOUD"},"ipDeleteTimeout":30000,"instanceHeartBeatInterval":5000,"instanceHeartBeatTimeOut":15000}]
2023-06-17 00:00:38.856  INFO 24896 --- [nacos-grpc-client-executor-9] com.alibaba.nacos.client.naming          : current ips:(1) service: DEFAULT_GROUP@@ship-server -> [{"ip":"192.168.67.248","port":8083,"weight":1.0,"healthy":true,"enabled":true,"ephemeral":true,"clusterName":"DEFAULT","serviceName":"DEFAULT_GROUP@@ship-server","metadata":{"preserved.register.source":"SPRING_CLOUD"},"ipDeleteTimeout":30000,"instanceHeartBeatInterval":5000,"instanceHeartBeatTimeOut":15000}]
2023-06-17 00:00:38.858  INFO 24896 --- [nacos-grpc-client-executor-9] com.alibaba.nacos.common.remote.client   : [3dfaa687-9cfb-4a4e-9a9b-2ef150d929c4]ack server push request,request=NotifySubscriberRequest,requestId=2
2023-06-17 00:00:38.956  INFO 24896 --- [main] o.e.shipserver.ShipServerApplication     : Started ShipServerApplication in 8.251 seconds (JVM running for 10.2)
2023-06-17 00:00:38.959  INFO 24896 --- [main] c.a.n.client.config.impl.ClientWorker    : [config_rpc_client] [subscribe] ship-server.properties+DEFAULT_GROUP
2023-06-17 00:00:38.959  INFO 24896 --- [main] c.a.nacos.client.config.impl.CacheData   : [config_rpc_client] [add-listener] ok, tenant=, dataId=ship-server.properties, group=DEFAULT_GROUP, cnt=1
2023-06-17 00:00:38.960  INFO 24896 --- [main] c.a.n.client.config.impl.ClientWorker    : [config_rpc_client] [subscribe] ship-server+DEFAULT_GROUP
2023-06-17 00:00:38.960  INFO 24896 --- [main] c.a.nacos.client.config.impl.CacheData   : [config_rpc_client] [add-listener] ok, tenant=, dataId=ship-server, group=DEFAULT_GROUP, cnt=1
2023-06-17 00:00:39.255  INFO 24896 --- [com.alibaba.nacos.client.naming.updater.0] com.alibaba.nacos.client.naming          : new ips(1) service: DEFAULT_GROUP@@ship-server@@DEFAULT -> [{"ip":"192.168.67.248","port":8083,"weight":1.0,"healthy":true,"enabled":true,"ephemeral":true,"clusterName":"DEFAULT","serviceName":"DEFAULT_GROUP@@ship-server","metadata":{"preserved.register.source":"SPRING_CLOUD"},"ipDeleteTimeout":30000,"instanceHeartBeatInterval":5000,"instanceHeartBeatTimeOut":15000}]
2023-06-17 00:00:39.255  INFO 24896 --- [com.alibaba.nacos.client.naming.updater.0] com.alibaba.nacos.client.naming          : current ips:(1) service: DEFAULT_GROUP@@ship-server@@DEFAULT -> [{"ip":"192.168.67.248","port":8083,"weight":1.0,"healthy":true,"enabled":true,"ephemeral":true,"clusterName":"DEFAULT","serviceName":"DEFAULT_GROUP@@ship-server","metadata":{"preserved.register.source":"SPRING_CLOUD"},"ipDeleteTimeout":30000,"instanceHeartBeatInterval":5000,"instanceHeartBeatTimeOut":15000}]
2023-06-17 00:02:16.133  INFO 24896 --- [http-nio-8083-exec-1] o.a.c.c.C.[Tomcat].[localhost].[/]       : Initializing Spring DispatcherServlet 'dispatcherServlet'
2023-06-17 00:02:16.133  INFO 24896 --- [http-nio-8083-exec-1] o.s.web.servlet.DispatcherServlet        : Initializing Servlet 'dispatcherServlet'
2023-06-17 00:02:16.138  INFO 24896 --- [http-nio-8083-exec-1] o.s.web.servlet.DispatcherServlet        : Completed initialization in 5 ms
2023-06-17 00:02:16.272  INFO 24896 --- [http-nio-8083-exec-1] com.zaxxer.hikari.HikariDataSource       : HikariPool-1 - Starting...
2023-06-17 00:02:16.450  INFO 24896 --- [http-nio-8083-exec-1] com.zaxxer.hikari.HikariDataSource       : HikariPool-1 - Start completed.
2023-06-17 00:02:16.509  INFO 24896 --- [http-nio-8083-exec-1] o.e.s.controller.ShipController          : getAllShips() use successful!
2023-06-17 00:02:39.187  WARN 24896 --- [Thread-1] c.a.n.common.http.HttpClientBeanHolder   : [HttpClientBeanHolder] Start destroying common HttpClient
2023-06-17 00:02:39.187  WARN 24896 --- [Thread-5] c.a.nacos.common.notify.NotifyCenter     : [NotifyCenter] Start destroying Publisher
2023-06-17 00:02:39.188  WARN 24896 --- [Thread-5] c.a.nacos.common.notify.NotifyCenter     : [NotifyCenter] Destruction of the end
2023-06-17 00:02:39.188  WARN 24896 --- [Thread-1] c.a.n.common.http.HttpClientBeanHolder   : [HttpClientBeanHolder] Destruction of the end
2023-06-17 00:02:39.248  INFO 24896 --- [SpringContextShutdownHook] o.s.s.c.ThreadPoolTaskScheduler          : Shutting down ExecutorService 'Nacos-Watch-Task-Scheduler'
2023-06-17 00:02:39.255  INFO 24896 --- [SpringContextShutdownHook] c.a.c.n.registry.NacosServiceRegistry    : De-registering from Nacos Server now...
2023-06-17 00:02:39.255  INFO 24896 --- [SpringContextShutdownHook] com.alibaba.nacos.client.naming          : [DEREGISTER-SERVICE] public deregistering service ship-server with instance: Instance{instanceId='null', ip='192.168.67.248', port=8083, weight=1.0, healthy=true, enabled=true, ephemeral=true, clusterName='DEFAULT', serviceName='null', metadata={}}
2023-06-17 00:02:39.262  INFO 24896 --- [SpringContextShutdownHook] c.a.c.n.registry.NacosServiceRegistry    : De-registration finished.
2023-06-17 00:02:39.262  INFO 24896 --- [SpringContextShutdownHook] com.alibaba.nacos.client.naming          : com.alibaba.nacos.client.naming.cache.ServiceInfoHolder do shutdown begin
2023-06-17 00:02:39.262  INFO 24896 --- [SpringContextShutdownHook] com.alibaba.nacos.client.naming          : com.alibaba.nacos.client.naming.backups.FailoverReactor do shutdown begin
2023-06-17 00:02:39.262  INFO 24896 --- [SpringContextShutdownHook] com.alibaba.nacos.client.naming          : com.alibaba.nacos.client.naming.backups.FailoverReactor do shutdown stop
2023-06-17 00:02:39.262  INFO 24896 --- [SpringContextShutdownHook] com.alibaba.nacos.client.naming          : com.alibaba.nacos.client.naming.cache.ServiceInfoHolder do shutdown stop
2023-06-17 00:02:39.262  INFO 24896 --- [SpringContextShutdownHook] com.alibaba.nacos.client.naming          : com.alibaba.nacos.client.naming.remote.NamingClientProxyDelegate do shutdown begin
2023-06-17 00:02:39.262  INFO 24896 --- [SpringContextShutdownHook] com.alibaba.nacos.client.naming          : com.alibaba.nacos.client.naming.core.ServiceInfoUpdateService do shutdown begin
2023-06-17 00:02:39.267  INFO 24896 --- [com.alibaba.nacos.client.naming.updater.1] com.alibaba.nacos.client.naming          : update task is stopped, service:DEFAULT_GROUP@@ship-server, clusters:DEFAULT
2023-06-17 00:02:39.267  INFO 24896 --- [SpringContextShutdownHook] com.alibaba.nacos.client.naming          : com.alibaba.nacos.client.naming.core.ServiceInfoUpdateService do shutdown stop
2023-06-17 00:02:39.267  INFO 24896 --- [SpringContextShutdownHook] com.alibaba.nacos.client.naming          : com.alibaba.nacos.client.naming.core.ServerListManager do shutdown begin
2023-06-17 00:02:39.267  WARN 24896 --- [SpringContextShutdownHook] com.alibaba.nacos.client.naming          : [NamingHttpClientManager] Start destroying NacosRestTemplate
2023-06-17 00:02:39.268  WARN 24896 --- [SpringContextShutdownHook] com.alibaba.nacos.client.naming          : [NamingHttpClientManager] Destruction of the end
2023-06-17 00:02:39.268  INFO 24896 --- [SpringContextShutdownHook] com.alibaba.nacos.client.naming          : com.alibaba.nacos.client.naming.core.ServerListManager do shutdown stop
2023-06-17 00:02:39.268  INFO 24896 --- [SpringContextShutdownHook] com.alibaba.nacos.client.naming          : com.alibaba.nacos.client.naming.remote.http.NamingHttpClientProxy do shutdown begin
2023-06-17 00:02:39.268  INFO 24896 --- [SpringContextShutdownHook] com.alibaba.nacos.client.naming          : com.alibaba.nacos.client.naming.beat.BeatReactor do shutdown begin
2023-06-17 00:02:39.268  INFO 24896 --- [SpringContextShutdownHook] com.alibaba.nacos.client.naming          : com.alibaba.nacos.client.naming.beat.BeatReactor do shutdown stop
2023-06-17 00:02:39.268  WARN 24896 --- [SpringContextShutdownHook] com.alibaba.nacos.client.naming          : [NamingHttpClientManager] Start destroying NacosRestTemplate
2023-06-17 00:02:39.268  WARN 24896 --- [SpringContextShutdownHook] com.alibaba.nacos.client.naming          : [NamingHttpClientManager] Destruction of the end
2023-06-17 00:02:39.268  INFO 24896 --- [SpringContextShutdownHook] c.a.n.client.identify.CredentialWatcher  : [null] CredentialWatcher is stopped
2023-06-17 00:02:39.268  INFO 24896 --- [SpringContextShutdownHook] c.a.n.client.identify.CredentialService  : [null] CredentialService is freed
2023-06-17 00:02:39.269  INFO 24896 --- [SpringContextShutdownHook] com.alibaba.nacos.client.naming          : com.alibaba.nacos.client.naming.remote.http.NamingHttpClientProxy do shutdown stop
2023-06-17 00:02:39.269  INFO 24896 --- [SpringContextShutdownHook] com.alibaba.nacos.common.remote.client   : Shutdown rpc client ,set status to shutdown
2023-06-17 00:02:39.269  INFO 24896 --- [SpringContextShutdownHook] com.alibaba.nacos.common.remote.client   : Shutdown  client event executor java.util.concurrent.ScheduledThreadPoolExecutor@173ebba9[Running, pool size = 2, active threads = 2, queued tasks = 0, completed tasks = 0]
2023-06-17 00:02:39.269  INFO 24896 --- [SpringContextShutdownHook] com.alibaba.nacos.common.remote.client   : Close current connection 1686931238102_127.0.0.1_57109
2023-06-17 00:02:39.271  INFO 24896 --- [nacos-grpc-client-executor-47] c.a.n.c.remote.client.grpc.GrpcClient    : [1686931238102_127.0.0.1_57109]Ignore complete event,isRunning:false,isAbandon=false
2023-06-17 00:02:39.273  INFO 24896 --- [SpringContextShutdownHook] c.a.n.c.remote.client.grpc.GrpcClient    : Shutdown grpc executor java.util.concurrent.ThreadPoolExecutor@22cf6011[Running, pool size = 6, active threads = 0, queued tasks = 0, completed tasks = 48]
2023-06-17 00:02:39.273  INFO 24896 --- [SpringContextShutdownHook] com.alibaba.nacos.client.naming          : Shutdown grpc redo service executor java.util.concurrent.ScheduledThreadPoolExecutor@5f520143[Running, pool size = 1, active threads = 0, queued tasks = 1, completed tasks = 40]
2023-06-17 00:02:39.274  INFO 24896 --- [SpringContextShutdownHook] com.alibaba.nacos.client.naming          : com.alibaba.nacos.client.naming.remote.NamingClientProxyDelegate do shutdown stop
2023-06-17 00:02:39.275  INFO 24896 --- [SpringContextShutdownHook] o.s.s.concurrent.ThreadPoolTaskExecutor  : Shutting down ExecutorService 'applicationTaskExecutor'
2023-06-17 00:02:39.282  INFO 24896 --- [SpringContextShutdownHook] com.zaxxer.hikari.HikariDataSource       : HikariPool-1 - Shutdown initiated...
2023-06-17 00:02:39.290  INFO 24896 --- [SpringContextShutdownHook] com.zaxxer.hikari.HikariDataSource       : HikariPool-1 - Shutdown completed.
2023-06-17 22:14:34.869  INFO 31748 --- [main] org.reflections.Reflections              : Reflections took 22 ms to scan 1 urls, producing 3 keys and 6 values 
2023-06-17 22:14:34.889  INFO 31748 --- [main] org.reflections.Reflections              : Reflections took 10 ms to scan 1 urls, producing 4 keys and 9 values 
2023-06-17 22:14:34.899  INFO 31748 --- [main] org.reflections.Reflections              : Reflections took 8 ms to scan 1 urls, producing 3 keys and 10 values 
2023-06-17 22:14:34.900  WARN 31748 --- [main] org.reflections.Reflections              : given scan urls are empty. set urls in the configuration
2023-06-17 22:14:34.908  INFO 31748 --- [main] org.reflections.Reflections              : Reflections took 8 ms to scan 1 urls, producing 1 keys and 5 values 
2023-06-17 22:14:34.919  INFO 31748 --- [main] org.reflections.Reflections              : Reflections took 10 ms to scan 1 urls, producing 1 keys and 7 values 
2023-06-17 22:14:34.928  INFO 31748 --- [main] org.reflections.Reflections              : Reflections took 7 ms to scan 1 urls, producing 2 keys and 8 values 
2023-06-17 22:14:34.929  WARN 31748 --- [main] org.reflections.Reflections              : given scan urls are empty. set urls in the configuration
2023-06-17 22:14:35.825  WARN 31748 --- [main] c.a.c.n.c.NacosPropertySourceBuilder     : Ignore the empty nacos configuration and get it based on dataId[ship-server] & group[DEFAULT_GROUP]
2023-06-17 22:14:35.830  WARN 31748 --- [main] c.a.c.n.c.NacosPropertySourceBuilder     : Ignore the empty nacos configuration and get it based on dataId[ship-server.properties] & group[DEFAULT_GROUP]
2023-06-17 22:14:35.830  INFO 31748 --- [main] b.c.PropertySourceBootstrapConfiguration : Located property source: [BootstrapPropertySource {name='bootstrapProperties-ship-server.properties,DEFAULT_GROUP'}, BootstrapPropertySource {name='bootstrapProperties-ship-server,DEFAULT_GROUP'}]
2023-06-17 22:14:35.857  INFO 31748 --- [main] o.e.shipserver.ShipServerApplication     : No active profile set, falling back to default profiles: default
2023-06-17 22:14:36.509  INFO 31748 --- [main] o.s.cloud.context.scope.GenericScope     : BeanFactory id=3b4bbae5-5bfa-3a64-8d26-14019c4d86b4
2023-06-17 22:14:36.656  INFO 31748 --- [main] trationDelegate$BeanPostProcessorChecker : Bean 'spring.cloud.sentinel-com.alibaba.cloud.sentinel.SentinelProperties' of type [com.alibaba.cloud.sentinel.SentinelProperties] is not eligible for getting processed by all BeanPostProcessors (for example: not eligible for auto-proxying)
2023-06-17 22:14:36.657  INFO 31748 --- [main] trationDelegate$BeanPostProcessorChecker : Bean 'com.alibaba.cloud.sentinel.custom.SentinelAutoConfiguration' of type [com.alibaba.cloud.sentinel.custom.SentinelAutoConfiguration] is not eligible for getting processed by all BeanPostProcessors (for example: not eligible for auto-proxying)
2023-06-17 22:14:36.827  INFO 31748 --- [main] o.s.b.w.embedded.tomcat.TomcatWebServer  : Tomcat initialized with port(s): 8083 (http)
2023-06-17 22:14:36.835  INFO 31748 --- [main] o.apache.catalina.core.StandardService   : Starting service [Tomcat]
2023-06-17 22:14:36.835  INFO 31748 --- [main] org.apache.catalina.core.StandardEngine  : Starting Servlet engine: [Apache Tomcat/9.0.41]
2023-06-17 22:14:36.836  INFO 31748 --- [main] o.a.catalina.core.AprLifecycleListener   : Loaded Apache Tomcat Native library [1.2.33] using APR version [1.7.0].
2023-06-17 22:14:36.836  INFO 31748 --- [main] o.a.catalina.core.AprLifecycleListener   : APR capabilities: IPv6 [true], sendfile [true], accept filters [false], random [true].
2023-06-17 22:14:36.836  INFO 31748 --- [main] o.a.catalina.core.AprLifecycleListener   : APR/OpenSSL configuration: useAprConnector [false], useOpenSSL [true]
2023-06-17 22:14:36.839  INFO 31748 --- [main] o.a.catalina.core.AprLifecycleListener   : OpenSSL successfully initialized [OpenSSL 1.1.1o  3 May 2022]
2023-06-17 22:14:37.418  INFO 31748 --- [main] o.a.c.c.C.[Tomcat].[localhost].[/]       : Initializing Spring embedded WebApplicationContext
2023-06-17 22:14:37.419  INFO 31748 --- [main] w.s.c.ServletWebServerApplicationContext : Root WebApplicationContext: initialization completed in 1552 ms
2023-06-17 22:14:37.773  INFO 31748 --- [main] o.s.c.openfeign.FeignClientFactoryBean   : For 'order-server' URL not provided. Will try picking an instance via load-balancing.
2023-06-17 22:14:38.007  INFO 31748 --- [main] c.a.c.s.SentinelWebAutoConfiguration     : [Sentinel Starter] register SentinelWebInterceptor with urlPatterns: [/**].
2023-06-17 22:14:38.067  WARN 31748 --- [main] c.n.c.sources.URLConfigurationSource     : No URLs will be polled as dynamic configuration sources.
2023-06-17 22:14:38.067  INFO 31748 --- [main] c.n.c.sources.URLConfigurationSource     : To enable URLs as dynamic configuration sources, define System property archaius.configurationSource.additionalUrls or make config.properties available on classpath.
2023-06-17 22:14:38.070  WARN 31748 --- [main] c.n.c.sources.URLConfigurationSource     : No URLs will be polled as dynamic configuration sources.
2023-06-17 22:14:38.071  INFO 31748 --- [main] c.n.c.sources.URLConfigurationSource     : To enable URLs as dynamic configuration sources, define System property archaius.configurationSource.additionalUrls or make config.properties available on classpath.
2023-06-17 22:14:38.133  INFO 31748 --- [main] o.s.s.concurrent.ThreadPoolTaskExecutor  : Initializing ExecutorService 'applicationTaskExecutor'
2023-06-17 22:14:38.484  INFO 31748 --- [main] o.s.s.c.ThreadPoolTaskScheduler          : Initializing ExecutorService 'Nacos-Watch-Task-Scheduler'
2023-06-17 22:14:38.891  INFO 31748 --- [main] com.alibaba.nacos.client.naming          : initializer namespace from System Property : null
2023-06-17 22:14:38.891  INFO 31748 --- [main] com.alibaba.nacos.client.naming          : initializer namespace from System Environment :null
2023-06-17 22:14:38.892  INFO 31748 --- [main] com.alibaba.nacos.client.naming          : initializer namespace from System Property :null
2023-06-17 22:14:38.902  INFO 31748 --- [main] com.alibaba.nacos.common.remote.client   : [RpcClientFactory] create a new rpc client of 97a321b4-2b2e-4c67-98ad-971f7d78499d
2023-06-17 22:14:38.902  INFO 31748 --- [main] com.alibaba.nacos.common.remote.client   : [97a321b4-2b2e-4c67-98ad-971f7d78499d]RpcClient init label, labels={module=naming, source=sdk}
2023-06-17 22:14:38.903  INFO 31748 --- [main] com.alibaba.nacos.common.remote.client   : [97a321b4-2b2e-4c67-98ad-971f7d78499d]RpcClient init, ServerListFactory =com.alibaba.nacos.client.naming.core.ServerListManager
2023-06-17 22:14:38.904  INFO 31748 --- [main] com.alibaba.nacos.common.remote.client   : [97a321b4-2b2e-4c67-98ad-971f7d78499d]Registry connection listener to current client:com.alibaba.nacos.client.naming.remote.gprc.redo.NamingGrpcRedoService
2023-06-17 22:14:38.904  INFO 31748 --- [main] com.alibaba.nacos.common.remote.client   : [97a321b4-2b2e-4c67-98ad-971f7d78499d]Register server push request handler:com.alibaba.nacos.client.naming.remote.gprc.NamingPushRequestHandler
2023-06-17 22:14:38.904  INFO 31748 --- [main] com.alibaba.nacos.common.remote.client   : [97a321b4-2b2e-4c67-98ad-971f7d78499d] Try to connect to server on start up, server: {serverIp='127.0.0.1', server main port=8848}
2023-06-17 22:14:39.022  INFO 31748 --- [main] com.alibaba.nacos.common.remote.client   : [97a321b4-2b2e-4c67-98ad-971f7d78499d] Success to connect to server [127.0.0.1:8848] on start up,connectionId=1687011278910_127.0.0.1_56592
2023-06-17 22:14:39.022  INFO 31748 --- [main] com.alibaba.nacos.common.remote.client   : [97a321b4-2b2e-4c67-98ad-971f7d78499d]Register server push request handler:com.alibaba.nacos.common.remote.client.RpcClient$ConnectResetRequestHandler
2023-06-17 22:14:39.022  INFO 31748 --- [com.alibaba.nacos.client.remote.worker] com.alibaba.nacos.common.remote.client   : [97a321b4-2b2e-4c67-98ad-971f7d78499d]Notify connected event to listeners.
2023-06-17 22:14:39.022  INFO 31748 --- [main] com.alibaba.nacos.common.remote.client   : [97a321b4-2b2e-4c67-98ad-971f7d78499d]Register server push request handler:com.alibaba.nacos.common.remote.client.RpcClient$4
2023-06-17 22:14:39.022  INFO 31748 --- [com.alibaba.nacos.client.remote.worker] com.alibaba.nacos.client.naming          : Grpc connection connect
2023-06-17 22:14:39.033  INFO 31748 --- [main] com.alibaba.nacos.client.naming          : init new ips(0) service: DEFAULT_GROUP@@ship-server@@DEFAULT -> []
2023-06-17 22:14:39.039  INFO 31748 --- [main] com.alibaba.nacos.client.naming          : current ips:(0) service: DEFAULT_GROUP@@ship-server@@DEFAULT -> []
2023-06-17 22:14:39.052  INFO 31748 --- [main] o.s.b.w.embedded.tomcat.TomcatWebServer  : Tomcat started on port(s): 8083 (http) with context path ''
2023-06-17 22:14:39.054  INFO 31748 --- [main] com.alibaba.nacos.client.naming          : [REGISTER-SERVICE] public registering service ship-server with instance Instance{instanceId='null', ip='172.30.71.106', port=8083, weight=1.0, healthy=true, enabled=true, ephemeral=true, clusterName='DEFAULT', serviceName='null', metadata={preserved.register.source=SPRING_CLOUD}}
2023-06-17 22:14:39.059  INFO 31748 --- [main] c.a.c.n.registry.NacosServiceRegistry    : nacos registry, DEFAULT_GROUP ship-server 172.30.71.106:8083 register finished
2023-06-17 22:14:39.456  INFO 31748 --- [main] o.e.shipserver.ShipServerApplication     : Started ShipServerApplication in 5.685 seconds (JVM running for 6.797)
2023-06-17 22:14:39.460  INFO 31748 --- [main] c.a.n.client.config.impl.ClientWorker    : [config_rpc_client] [subscribe] ship-server.properties+DEFAULT_GROUP
2023-06-17 22:14:39.460  INFO 31748 --- [main] c.a.nacos.client.config.impl.CacheData   : [config_rpc_client] [add-listener] ok, tenant=, dataId=ship-server.properties, group=DEFAULT_GROUP, cnt=1
2023-06-17 22:14:39.461  INFO 31748 --- [main] c.a.n.client.config.impl.ClientWorker    : [config_rpc_client] [subscribe] ship-server+DEFAULT_GROUP
2023-06-17 22:14:39.461  INFO 31748 --- [main] c.a.nacos.client.config.impl.CacheData   : [config_rpc_client] [add-listener] ok, tenant=, dataId=ship-server, group=DEFAULT_GROUP, cnt=1
2023-06-17 22:14:39.612  INFO 31748 --- [nacos-grpc-client-executor-6] com.alibaba.nacos.common.remote.client   : [97a321b4-2b2e-4c67-98ad-971f7d78499d]receive server push request,request=NotifySubscriberRequest,requestId=16
2023-06-17 22:14:39.613  INFO 31748 --- [nacos-grpc-client-executor-6] com.alibaba.nacos.client.naming          : init new ips(1) service: DEFAULT_GROUP@@ship-server -> [{"ip":"172.30.71.106","port":8083,"weight":1.0,"healthy":true,"enabled":true,"ephemeral":true,"clusterName":"DEFAULT","serviceName":"DEFAULT_GROUP@@ship-server","metadata":{"preserved.register.source":"SPRING_CLOUD"},"ipDeleteTimeout":30000,"instanceHeartBeatInterval":5000,"instanceHeartBeatTimeOut":15000}]
2023-06-17 22:14:39.614  INFO 31748 --- [nacos-grpc-client-executor-6] com.alibaba.nacos.client.naming          : current ips:(1) service: DEFAULT_GROUP@@ship-server -> [{"ip":"172.30.71.106","port":8083,"weight":1.0,"healthy":true,"enabled":true,"ephemeral":true,"clusterName":"DEFAULT","serviceName":"DEFAULT_GROUP@@ship-server","metadata":{"preserved.register.source":"SPRING_CLOUD"},"ipDeleteTimeout":30000,"instanceHeartBeatInterval":5000,"instanceHeartBeatTimeOut":15000}]
2023-06-17 22:14:39.615  INFO 31748 --- [nacos-grpc-client-executor-6] com.alibaba.nacos.common.remote.client   : [97a321b4-2b2e-4c67-98ad-971f7d78499d]ack server push request,request=NotifySubscriberRequest,requestId=16
2023-06-17 22:14:40.032  INFO 31748 --- [com.alibaba.nacos.client.naming.updater.0] com.alibaba.nacos.client.naming          : new ips(1) service: DEFAULT_GROUP@@ship-server@@DEFAULT -> [{"ip":"172.30.71.106","port":8083,"weight":1.0,"healthy":true,"enabled":true,"ephemeral":true,"clusterName":"DEFAULT","serviceName":"DEFAULT_GROUP@@ship-server","metadata":{"preserved.register.source":"SPRING_CLOUD"},"ipDeleteTimeout":30000,"instanceHeartBeatInterval":5000,"instanceHeartBeatTimeOut":15000}]
2023-06-17 22:14:40.033  INFO 31748 --- [com.alibaba.nacos.client.naming.updater.0] com.alibaba.nacos.client.naming          : current ips:(1) service: DEFAULT_GROUP@@ship-server@@DEFAULT -> [{"ip":"172.30.71.106","port":8083,"weight":1.0,"healthy":true,"enabled":true,"ephemeral":true,"clusterName":"DEFAULT","serviceName":"DEFAULT_GROUP@@ship-server","metadata":{"preserved.register.source":"SPRING_CLOUD"},"ipDeleteTimeout":30000,"instanceHeartBeatInterval":5000,"instanceHeartBeatTimeOut":15000}]
2023-06-17 22:31:06.473  INFO 31748 --- [http-nio-8083-exec-1] o.a.c.c.C.[Tomcat].[localhost].[/]       : Initializing Spring DispatcherServlet 'dispatcherServlet'
2023-06-17 22:31:06.473  INFO 31748 --- [http-nio-8083-exec-1] o.s.web.servlet.DispatcherServlet        : Initializing Servlet 'dispatcherServlet'
2023-06-17 22:31:06.477  INFO 31748 --- [http-nio-8083-exec-1] o.s.web.servlet.DispatcherServlet        : Completed initialization in 4 ms
2023-06-17 22:31:06.885  INFO 31748 --- [hystrix-order-server-1] c.netflix.config.ChainedDynamicProperty  : Flipping property: order-server.ribbon.ActiveConnectionsLimit to use NEXT property: niws.loadbalancer.availabilityFilteringRule.activeConnectionsLimit = 2147483647
2023-06-17 22:31:06.907  INFO 31748 --- [hystrix-order-server-1] c.netflix.loadbalancer.BaseLoadBalancer  : Client: order-server instantiated a LoadBalancer: DynamicServerListLoadBalancer:{NFLoadBalancer:name=order-server,current list of Servers=[],Load balancer stats=Zone stats: {},Server stats: []}ServerList:null
2023-06-17 22:31:06.916  INFO 31748 --- [hystrix-order-server-1] c.n.l.DynamicServerListLoadBalancer      : Using serverListUpdater PollingServerListUpdater
2023-06-17 22:31:06.920  INFO 31748 --- [hystrix-order-server-1] com.alibaba.nacos.client.naming          : init new ips(1) service: DEFAULT_GROUP@@order-server -> [{"ip":"172.30.71.106","port":8084,"weight":1.0,"healthy":true,"enabled":true,"ephemeral":true,"clusterName":"DEFAULT","serviceName":"DEFAULT_GROUP@@order-server","metadata":{"preserved.register.source":"SPRING_CLOUD"},"ipDeleteTimeout":30000,"instanceHeartBeatInterval":5000,"instanceHeartBeatTimeOut":15000}]
2023-06-17 22:31:06.920  INFO 31748 --- [hystrix-order-server-1] com.alibaba.nacos.client.naming          : current ips:(1) service: DEFAULT_GROUP@@order-server -> [{"ip":"172.30.71.106","port":8084,"weight":1.0,"healthy":true,"enabled":true,"ephemeral":true,"clusterName":"DEFAULT","serviceName":"DEFAULT_GROUP@@order-server","metadata":{"preserved.register.source":"SPRING_CLOUD"},"ipDeleteTimeout":30000,"instanceHeartBeatInterval":5000,"instanceHeartBeatTimeOut":15000}]
2023-06-17 22:31:06.935  INFO 31748 --- [hystrix-order-server-1] c.netflix.config.ChainedDynamicProperty  : Flipping property: order-server.ribbon.ActiveConnectionsLimit to use NEXT property: niws.loadbalancer.availabilityFilteringRule.activeConnectionsLimit = 2147483647
2023-06-17 22:31:06.938  INFO 31748 --- [hystrix-order-server-1] c.n.l.DynamicServerListLoadBalancer      : DynamicServerListLoadBalancer for client order-server initialized: DynamicServerListLoadBalancer:{NFLoadBalancer:name=order-server,current list of Servers=[172.30.71.106:8084],Load balancer stats=Zone stats: {unknown=[Zone:unknown;	Instance count:1;	Active connections count: 0;	Circuit breaker tripped count: 0;	Active connections per server: 0.0;]
},Server stats: [[Server:172.30.71.106:8084;	Zone:UNKNOWN;	Total Requests:0;	Successive connection failure:0;	Total blackout seconds:0;	Last connection made:Thu Jan 01 08:00:00 CST 1970;	First connection made: Thu Jan 01 08:00:00 CST 1970;	Active Connections:0;	total failure count in last (1000) msecs:0;	average resp time:0.0;	90 percentile resp time:0.0;	95 percentile resp time:0.0;	min resp time:0.0;	max resp time:0.0;	stddev resp time:0.0]
]}ServerList:com.alibaba.cloud.nacos.ribbon.NacosServerList@48d46f9e
2023-06-17 22:31:07.039  INFO 31748 --- [http-nio-8083-exec-1] o.e.s.controller.ShipController          : accept() use successful!
2023-06-17 22:31:07.527  INFO 31748 --- [nacos-grpc-client-executor-211] com.alibaba.nacos.common.remote.client   : [97a321b4-2b2e-4c67-98ad-971f7d78499d]receive server push request,request=NotifySubscriberRequest,requestId=30
2023-06-17 22:31:07.527  INFO 31748 --- [nacos-grpc-client-executor-211] com.alibaba.nacos.common.remote.client   : [97a321b4-2b2e-4c67-98ad-971f7d78499d]ack server push request,request=NotifySubscriberRequest,requestId=30
2023-06-17 22:31:07.918  INFO 31748 --- [PollingServerListUpdater-0] c.netflix.config.ChainedDynamicProperty  : Flipping property: order-server.ribbon.ActiveConnectionsLimit to use NEXT property: niws.loadbalancer.availabilityFilteringRule.activeConnectionsLimit = 2147483647
2023-06-17 22:31:43.746  INFO 31748 --- [http-nio-8083-exec-3] o.e.s.controller.ShipController          : arrival() use successful!
2023-06-17 22:36:00.706  INFO 31748 --- [nacos-grpc-client-executor-271] com.alibaba.nacos.common.remote.client   : [97a321b4-2b2e-4c67-98ad-971f7d78499d]receive server push request,request=NotifySubscriberRequest,requestId=37
2023-06-17 22:36:00.706  INFO 31748 --- [nacos-grpc-client-executor-271] com.alibaba.nacos.client.naming          : removed ips(1) service: DEFAULT_GROUP@@order-server -> [{"ip":"172.30.71.106","port":8084,"weight":1.0,"healthy":true,"enabled":true,"ephemeral":true,"clusterName":"DEFAULT","serviceName":"DEFAULT_GROUP@@order-server","metadata":{"preserved.register.source":"SPRING_CLOUD"},"ipDeleteTimeout":30000,"instanceHeartBeatInterval":5000,"instanceHeartBeatTimeOut":15000}]
2023-06-17 22:36:00.707  INFO 31748 --- [nacos-grpc-client-executor-271] com.alibaba.nacos.client.naming          : current ips:(0) service: DEFAULT_GROUP@@order-server -> []
2023-06-17 22:36:00.709  INFO 31748 --- [nacos-grpc-client-executor-271] com.alibaba.nacos.common.remote.client   : [97a321b4-2b2e-4c67-98ad-971f7d78499d]ack server push request,request=NotifySubscriberRequest,requestId=37
2023-06-17 22:36:12.088  INFO 31748 --- [nacos-grpc-client-executor-274] com.alibaba.nacos.common.remote.client   : [97a321b4-2b2e-4c67-98ad-971f7d78499d]receive server push request,request=NotifySubscriberRequest,requestId=41
2023-06-17 22:36:12.088  INFO 31748 --- [nacos-grpc-client-executor-274] com.alibaba.nacos.client.naming          : new ips(1) service: DEFAULT_GROUP@@order-server -> [{"ip":"172.30.71.106","port":8084,"weight":1.0,"healthy":true,"enabled":true,"ephemeral":true,"clusterName":"DEFAULT","serviceName":"DEFAULT_GROUP@@order-server","metadata":{"preserved.register.source":"SPRING_CLOUD"},"ipDeleteTimeout":30000,"instanceHeartBeatInterval":5000,"instanceHeartBeatTimeOut":15000}]
2023-06-17 22:36:12.089  INFO 31748 --- [nacos-grpc-client-executor-274] com.alibaba.nacos.client.naming          : current ips:(1) service: DEFAULT_GROUP@@order-server -> [{"ip":"172.30.71.106","port":8084,"weight":1.0,"healthy":true,"enabled":true,"ephemeral":true,"clusterName":"DEFAULT","serviceName":"DEFAULT_GROUP@@order-server","metadata":{"preserved.register.source":"SPRING_CLOUD"},"ipDeleteTimeout":30000,"instanceHeartBeatInterval":5000,"instanceHeartBeatTimeOut":15000}]
2023-06-17 22:36:12.090  INFO 31748 --- [nacos-grpc-client-executor-274] com.alibaba.nacos.common.remote.client   : [97a321b4-2b2e-4c67-98ad-971f7d78499d]ack server push request,request=NotifySubscriberRequest,requestId=41
2023-06-17 22:51:13.347  WARN 31748 --- [Thread-5] c.a.nacos.common.notify.NotifyCenter     : [NotifyCenter] Start destroying Publisher
2023-06-17 22:51:13.347  WARN 31748 --- [Thread-1] c.a.n.common.http.HttpClientBeanHolder   : [HttpClientBeanHolder] Start destroying common HttpClient
2023-06-17 22:51:13.347  INFO 31748 --- [Thread-20] c.n.l.PollingServerListUpdater           : Shutting down the Executor Pool for PollingServerListUpdater
2023-06-17 22:51:13.347  WARN 31748 --- [Thread-5] c.a.nacos.common.notify.NotifyCenter     : [NotifyCenter] Destruction of the end
2023-06-17 22:51:13.347  WARN 31748 --- [Thread-1] c.a.n.common.http.HttpClientBeanHolder   : [HttpClientBeanHolder] Destruction of the end
2023-06-17 22:51:13.386  INFO 31748 --- [SpringContextShutdownHook] o.s.s.c.ThreadPoolTaskScheduler          : Shutting down ExecutorService 'Nacos-Watch-Task-Scheduler'
2023-06-17 22:51:13.389  INFO 31748 --- [SpringContextShutdownHook] c.a.c.n.registry.NacosServiceRegistry    : De-registering from Nacos Server now...
2023-06-17 22:51:13.389  INFO 31748 --- [SpringContextShutdownHook] com.alibaba.nacos.client.naming          : [DEREGISTER-SERVICE] public deregistering service ship-server with instance: Instance{instanceId='null', ip='172.30.71.106', port=8083, weight=1.0, healthy=true, enabled=true, ephemeral=true, clusterName='DEFAULT', serviceName='null', metadata={}}
2023-06-17 22:51:13.390  INFO 31748 --- [SpringContextShutdownHook] c.a.c.n.registry.NacosServiceRegistry    : De-registration finished.
2023-06-17 22:51:13.391  INFO 31748 --- [SpringContextShutdownHook] com.alibaba.nacos.client.naming          : com.alibaba.nacos.client.naming.cache.ServiceInfoHolder do shutdown begin
2023-06-17 22:51:13.391  INFO 31748 --- [SpringContextShutdownHook] com.alibaba.nacos.client.naming          : com.alibaba.nacos.client.naming.backups.FailoverReactor do shutdown begin
2023-06-17 22:51:13.391  INFO 31748 --- [SpringContextShutdownHook] com.alibaba.nacos.client.naming          : com.alibaba.nacos.client.naming.backups.FailoverReactor do shutdown stop
2023-06-17 22:51:13.391  INFO 31748 --- [SpringContextShutdownHook] com.alibaba.nacos.client.naming          : com.alibaba.nacos.client.naming.cache.ServiceInfoHolder do shutdown stop
2023-06-17 22:51:13.391  INFO 31748 --- [SpringContextShutdownHook] com.alibaba.nacos.client.naming          : com.alibaba.nacos.client.naming.remote.NamingClientProxyDelegate do shutdown begin
2023-06-17 22:51:13.391  INFO 31748 --- [SpringContextShutdownHook] com.alibaba.nacos.client.naming          : com.alibaba.nacos.client.naming.core.ServiceInfoUpdateService do shutdown begin
2023-06-17 22:51:13.710  INFO 31748 --- [SpringContextShutdownHook] com.alibaba.nacos.client.naming          : com.alibaba.nacos.client.naming.core.ServiceInfoUpdateService do shutdown stop
2023-06-17 22:51:13.710  INFO 31748 --- [SpringContextShutdownHook] com.alibaba.nacos.client.naming          : com.alibaba.nacos.client.naming.core.ServerListManager do shutdown begin
2023-06-17 22:51:13.710  WARN 31748 --- [SpringContextShutdownHook] com.alibaba.nacos.client.naming          : [NamingHttpClientManager] Start destroying NacosRestTemplate
2023-06-17 22:51:13.710  WARN 31748 --- [SpringContextShutdownHook] com.alibaba.nacos.client.naming          : [NamingHttpClientManager] Destruction of the end
2023-06-17 22:51:13.710  INFO 31748 --- [SpringContextShutdownHook] com.alibaba.nacos.client.naming          : com.alibaba.nacos.client.naming.core.ServerListManager do shutdown stop
2023-06-17 22:51:13.710  INFO 31748 --- [SpringContextShutdownHook] com.alibaba.nacos.client.naming          : com.alibaba.nacos.client.naming.remote.http.NamingHttpClientProxy do shutdown begin
2023-06-17 22:51:13.710  INFO 31748 --- [SpringContextShutdownHook] com.alibaba.nacos.client.naming          : com.alibaba.nacos.client.naming.beat.BeatReactor do shutdown begin
2023-06-17 22:51:13.711  INFO 31748 --- [SpringContextShutdownHook] com.alibaba.nacos.client.naming          : com.alibaba.nacos.client.naming.beat.BeatReactor do shutdown stop
2023-06-17 22:51:13.711  WARN 31748 --- [SpringContextShutdownHook] com.alibaba.nacos.client.naming          : [NamingHttpClientManager] Start destroying NacosRestTemplate
2023-06-17 22:51:13.711  WARN 31748 --- [SpringContextShutdownHook] com.alibaba.nacos.client.naming          : [NamingHttpClientManager] Destruction of the end
2023-06-17 22:51:13.711  INFO 31748 --- [SpringContextShutdownHook] c.a.n.client.identify.CredentialWatcher  : [null] CredentialWatcher is stopped
2023-06-17 22:51:13.711  INFO 31748 --- [SpringContextShutdownHook] c.a.n.client.identify.CredentialService  : [null] CredentialService is freed
2023-06-17 22:51:13.711  INFO 31748 --- [SpringContextShutdownHook] com.alibaba.nacos.client.naming          : com.alibaba.nacos.client.naming.remote.http.NamingHttpClientProxy do shutdown stop
2023-06-17 22:51:13.711  INFO 31748 --- [SpringContextShutdownHook] com.alibaba.nacos.common.remote.client   : Shutdown rpc client ,set status to shutdown
2023-06-17 22:51:13.711  INFO 31748 --- [SpringContextShutdownHook] com.alibaba.nacos.common.remote.client   : Shutdown  client event executor java.util.concurrent.ScheduledThreadPoolExecutor@5c906285[Running, pool size = 2, active threads = 2, queued tasks = 0, completed tasks = 0]
2023-06-17 22:51:13.711  INFO 31748 --- [SpringContextShutdownHook] com.alibaba.nacos.common.remote.client   : Close current connection 1687011278910_127.0.0.1_56592
2023-06-17 22:51:13.712  INFO 31748 --- [nacos-grpc-client-executor-459] c.a.n.c.remote.client.grpc.GrpcClient    : [1687011278910_127.0.0.1_56592]Ignore complete event,isRunning:false,isAbandon=false
2023-06-17 22:51:13.714  INFO 31748 --- [SpringContextShutdownHook] c.a.n.c.remote.client.grpc.GrpcClient    : Shutdown grpc executor java.util.concurrent.ThreadPoolExecutor@3b00694c[Running, pool size = 5, active threads = 0, queued tasks = 0, completed tasks = 460]
2023-06-17 22:51:13.715  INFO 31748 --- [SpringContextShutdownHook] com.alibaba.nacos.client.naming          : Shutdown grpc redo service executor java.util.concurrent.ScheduledThreadPoolExecutor@520e845[Running, pool size = 1, active threads = 0, queued tasks = 1, completed tasks = 730]
2023-06-17 22:51:13.715  INFO 31748 --- [SpringContextShutdownHook] com.alibaba.nacos.client.naming          : com.alibaba.nacos.client.naming.remote.NamingClientProxyDelegate do shutdown stop
2023-06-17 22:51:13.716  INFO 31748 --- [SpringContextShutdownHook] o.s.s.concurrent.ThreadPoolTaskExecutor  : Shutting down ExecutorService 'applicationTaskExecutor'
